<?xml version="1.0" encoding="UTF-8"?>
<!-- Generated by org.testng.reporters.JUnitReportReporter -->
<testsuite skipped="0" hostname="OFFICE-PC" name="com.crm.qa.testcases.Loginpagetest" tests="1" failures="0" timestamp="2020-05-20T15:44:46 IST" time="10.262" errors="0">
  <testcase name="validatelogin" time="10.262" classname="com.crm.qa.testcases.Loginpagetest"/>
  <system-out/>
</testsuite> <!-- com.crm.qa.testcases.Loginpagetest -->
