<?xml version="1.0" encoding="UTF-8"?>
<!-- Generated by org.testng.reporters.JUnitReportReporter -->
<testsuite skipped="0" hostname="OFFICE-PC" name="com.crm.qa.testcases.Loginpagetest" tests="2" failures="0" timestamp="2020-05-21T15:35:59 IST" time="17.935" errors="0">
  <testcase name="loginPageTitleTest" time="7.899" classname="com.crm.qa.testcases.Loginpagetest"/>
  <system-out/>
  <testcase name="validatelogin" time="10.036" classname="com.crm.qa.testcases.Loginpagetest"/>
  <system-out/>
</testsuite> <!-- com.crm.qa.testcases.Loginpagetest -->
